<?xml version="1.0" encoding="UTF-8"?>
<!-- Generated by org.testng.reporters.JUnitReportReporter -->
<testsuite hostname="LAPTOP-JA86I3T0" failures="0" tests="1" name="com.Flipkart.testscripts.FetchingDetailsIphone" time="28.856" errors="0" timestamp="2021-05-23T09:00:25 IST" skipped="0">
  <testcase classname="com.Flipkart.testscripts.FetchingDetailsIphone" name="detailsIphone" time="28.856"/>
  <system-out/>
</testsuite> <!-- com.Flipkart.testscripts.FetchingDetailsIphone -->
