<?xml version="1.0" encoding="UTF-8"?>
<!-- Generated by org.testng.reporters.JUnitReportReporter -->
<testsuite hostname="LAPTOP-JA86I3T0" failures="0" tests="1" name="com.Flipkart.testscripts.FetchingDetailsIphone" time="10.357" errors="0" timestamp="2021-05-24T07:33:04 IST" skipped="0">
  <testcase classname="com.Flipkart.testscripts.FetchingDetailsIphone" name="detailsIphone" time="10.357"/>
  <system-out/>
</testsuite> <!-- com.Flipkart.testscripts.FetchingDetailsIphone -->
